=========================
Fcitx 5.1.9 -- Get Signal No.: 6
Date: try "date -d @1715672470" if you are using GNU date ***
ProcessID: 1114
fcitx5(+0xe26c)[0x55bd181f326c]
/usr/lib/libc.so.6(+0x3cae0)[0x72c3f7250ae0]
/usr/lib/libc.so.6(+0x94e44)[0x72c3f72a8e44]
/usr/lib/libc.so.6(gsignal+0x20)[0x72c3f7250a30]
/usr/lib/libc.so.6(abort+0xdf)[0x72c3f72384c3]
/usr/lib/libstdc++.so.6(_ZNSt6chrono3_V212system_clock3nowEv+0x0)[0x72c3f74d2d60]
/usr/lib/fcitx5/libwaylandim.so(+0x25029)[0x72c3f5858029]
/usr/lib/fcitx5/libwaylandim.so(+0x3302f)[0x72c3f586602f]
/usr/lib/libffi.so.8(+0x7596)[0x72c3f6e04596]
/usr/lib/libffi.so.8(+0x400e)[0x72c3f6e0100e]
/usr/lib/libffi.so.8(ffi_call+0x123)[0x72c3f6e03bd3]
/usr/lib/libwayland-client.so.0(+0x7645)[0x72c3f6e0f645]
/usr/lib/libwayland-client.so.0(+0x7e73)[0x72c3f6e0fe73]
/usr/lib/libwayland-client.so.0(wl_display_dispatch_queue_pending+0x7c)[0x72c3f6e1013c]
/usr/lib/fcitx5/libwayland.so(+0x1e5ca)[0x72c3f799d5ca]
/usr/lib/libFcitx5Utils.so.2(+0x382af)[0x72c3f780b2af]
/usr/lib/libFcitx5Utils.so.2(+0x2fc11)[0x72c3f7802c11]
/usr/lib/libsystemd.so.0(+0x8459a)[0x72c3f71aa59a]
/usr/lib/libsystemd.so.0(sd_event_dispatch+0x13b)[0x72c3f71aa90b]
/usr/lib/libsystemd.so.0(sd_event_run+0x119)[0x72c3f71acf29]
/usr/lib/libsystemd.so.0(sd_event_loop+0x68)[0x72c3f71ad108]
/usr/lib/libFcitx5Utils.so.2(_ZN5fcitx9EventLoop4execEv+0x16)[0x72c3f7801166]
/usr/lib/libFcitx5Core.so.7(_ZN5fcitx8Instance4execEv+0x5c)[0x72c3f78d758c]
fcitx5(+0xc660)[0x55bd181f1660]
/usr/lib/libc.so.6(+0x25c88)[0x72c3f7239c88]
/usr/lib/libc.so.6(__libc_start_main+0x8c)[0x72c3f7239d4c]
fcitx5(+0xdaf5)[0x55bd181f2af5]
